---------------------------------------------
Z80 ASSEMBLER LISTING
Line   Addr Opcode      Label   Instruction
---------------------------------------------
0001   0000             ; HEX to BCD conversion
0002   0000             
0003   0000 3E 00       INIT:	LD	A,	0X00
0004   0002 32 01 19    	LD	(0X1901),	A
0005   0005 3E 63       	LD	A,	0X63
0006   0007 32 00 19    	LD	(0X1900),	A	; Loads HL with source bytes.
0007   000A             
0008   000A             START:
0009   000A 11 00 00    	LD	DE,	0X0000		; Destination
0010   000D 06 10       	LD	B,	0X10		; Counter.
0011   000F 2A 00 19    	LD	HL,	(0x1900)	; Source bytes.
0012   0012             LOOP:
0013   0012 CB 25       	SLA	L		; [CARRY] <<<<<<<< - 0
0014   0014 CB 14       	RL	H		; <<<<<<<< - [CARRY]
0015   0016 CB 12       	RL	D		; <<<<<<<< - [CARRY]
0016   0018 CB 13       	RL	E		; <<<<<<<< - [CARRY]
0017   001A             
0018   001A 05          	DEC	B
0019   001B 28 16       	JR	Z,	EXIT	; Exit when done.
0020   001D             
0021   001D 7A          	LD	A,	D
0022   001E E6 0F       	AND	0X0F
0023   0020 D6 05       	SUB	0X05
0024   0022 38 0D       	JR	C,	SKIP1	; Skip if low nibble greater than 0x04.
0025   0024             ADD_3:
0026   0024 7A          	LD	A,	D
0027   0025 E6 0F       	AND	0X0F		; Mask off high nibble.
0028   0027 C6 03       	ADD	A,	0X03	; Add 3 to low nibble.
0029   0029             
0030   0029 08          	EX	AF,	AF'
0031   002A 7A          	LD	A,	D
0032   002B E6 F0       	AND	0XF0
0033   002D 57          	LD	D,	A
0034   002E 08          	EX	AF,	AF'
0035   002F B2          	OR	D		; Combine high and low nibbles again.
0036   0030 57          	LD	D,	A
0037   0031             SKIP1:
0038   0031 18 DF       	JR	LOOP
0039   0033             EXIT:
0040   0033 76          	HALT
0041   0034             
0042   0034             
0043   0034             
0044   0034             
0045   0034             
0046   0034             
Number of errors = 0
